[2023-02-24 19:04:31.220] [INFO ] [main   ] [c.p.s.ServerApplication       ]                Starting ServerApplication using Java 17.0.5 on LAPTOP-18UINSAQ with PID 7688 (C:\project\tt\Backend\out\production\classes started by 김선웅 in C:\project\tt\Backend)
[2023-02-24 19:04:31.220] [DEBUG] [main   ] [c.p.s.ServerApplication       ]                Running with Spring Boot v2.7.7, Spring v5.3.24
[2023-02-24 19:04:31.220] [INFO ] [main   ] [c.p.s.ServerApplication       ]                The following 1 profile is active: "local"
[2023-02-24 19:04:32.230] [INFO ] [main   ] [o.s.d.r.c.RepositoryConfigurationDelegate]     Bootstrapping Spring Data JPA repositories in DEFAULT mode.
[2023-02-24 19:04:32.310] [INFO ] [main   ] [o.s.d.r.c.RepositoryConfigurationDelegate]     Finished Spring Data repository scanning in 67 ms. Found 4 JPA repository interfaces.
[2023-02-24 19:04:32.925] [INFO ] [main   ] [o.s.b.w.e.t.TomcatWebServer   ]                Tomcat initialized with port(s): 8080 (http)
[2023-02-24 19:04:32.940] [INFO ] [main   ] [o.a.c.h.Http11NioProtocol     ]                Initializing ProtocolHandler ["http-nio-8080"]
[2023-02-24 19:04:32.940] [INFO ] [main   ] [o.a.c.c.StandardService       ]                Starting service [Tomcat]
[2023-02-24 19:04:32.940] [INFO ] [main   ] [o.a.c.c.StandardEngine        ]                Starting Servlet engine: [Apache Tomcat/9.0.70]
[2023-02-24 19:04:33.105] [INFO ] [main   ] [o.a.c.c.C.[.[.[/]             ]                Initializing Spring embedded WebApplicationContext
[2023-02-24 19:04:33.105] [INFO ] [main   ] [o.s.b.w.s.c.ServletWebServerApplicationContext] Root WebApplicationContext: initialization completed in 1835 ms
[2023-02-24 19:04:33.562] [INFO ] [main   ] [o.h.j.i.u.LogHelper           ]                HHH000204: Processing PersistenceUnitInfo [name: default]
[2023-02-24 19:04:33.667] [INFO ] [main   ] [o.h.Version                   ]                HHH000412: Hibernate ORM core version 5.6.14.Final
[2023-02-24 19:04:33.869] [INFO ] [main   ] [o.h.a.c.Version               ]                HCANN000001: Hibernate Commons Annotations {5.1.2.Final}
[2023-02-24 19:04:33.958] [INFO ] [main   ] [c.z.h.HikariDataSource        ]                HikariPool-1 - Starting...
[2023-02-24 19:04:34.578] [INFO ] [main   ] [c.z.h.HikariDataSource        ]                HikariPool-1 - Start completed.
[2023-02-24 19:04:34.589] [INFO ] [main   ] [o.h.d.Dialect                 ]                HHH000400: Using dialect: org.hibernate.dialect.MySQL8Dialect
[2023-02-24 19:04:36.374] [INFO ] [main   ] [o.h.e.t.j.p.i.JtaPlatformInitiator]            HHH000490: Using JtaPlatform implementation: [org.hibernate.engine.transaction.jta.platform.internal.NoJtaPlatform]
[2023-02-24 19:04:36.383] [INFO ] [main   ] [o.s.o.j.LocalContainerEntityManagerFactoryBean] Initialized JPA EntityManagerFactory for persistence unit 'default'
[2023-02-24 19:04:36.782] [DEBUG] [main   ] [c.p.s.s.TokenAuthenticationFilter]             Filter 'tokenAuthenticationFilter' configured for use
[2023-02-24 19:04:37.019] [WARN ] [main   ] [o.s.b.a.o.j.JpaBaseConfiguration$JpaWebConfiguration] spring.jpa.open-in-view is enabled by default. Therefore, database queries may be performed during view rendering. Explicitly configure spring.jpa.open-in-view to disable this warning
[2023-02-24 19:04:37.837] [INFO ] [main   ] [o.s.s.w.DefaultSecurityFilterChain]            Will secure any request with [org.springframework.security.web.session.DisableEncodeUrlFilter@4ffcb1bd, org.springframework.security.web.context.request.async.WebAsyncManagerIntegrationFilter@5be8a92c, org.springframework.security.web.context.SecurityContextPersistenceFilter@193d73d3, org.springframework.security.web.header.HeaderWriterFilter@464017f5, org.springframework.web.filter.CorsFilter@51d80f6e, org.springframework.security.web.authentication.logout.LogoutFilter@6821d4e1, org.springframework.security.oauth2.client.web.OAuth2AuthorizationRequestRedirectFilter@c7aac7c, org.springframework.security.oauth2.client.web.OAuth2LoginAuthenticationFilter@7ab8f93, com.project.server.security.TokenAuthenticationFilter@30a5a58d, org.springframework.security.web.savedrequest.RequestCacheAwareFilter@978475b, org.springframework.security.web.servletapi.SecurityContextHolderAwareRequestFilter@10b0dd3a, org.springframework.security.web.authentication.AnonymousAuthenticationFilter@7fae6f43, org.springframework.security.web.session.SessionManagementFilter@397f9672, org.springframework.security.web.access.ExceptionTranslationFilter@44b82007, org.springframework.security.web.access.intercept.AuthorizationFilter@1174ff02]
[2023-02-24 19:04:37.837] [WARN ] [main   ] [o.s.s.c.a.w.b.WebSecurity     ]                You are asking Spring Security to ignore Ant [pattern='/images/**']. This is not recommended -- please use permitAll via HttpSecurity#authorizeHttpRequests instead.
[2023-02-24 19:04:37.837] [INFO ] [main   ] [o.s.s.w.DefaultSecurityFilterChain]            Will not secure Ant [pattern='/images/**']
[2023-02-24 19:04:37.837] [WARN ] [main   ] [o.s.s.c.a.w.b.WebSecurity     ]                You are asking Spring Security to ignore Ant [pattern='/js/**']. This is not recommended -- please use permitAll via HttpSecurity#authorizeHttpRequests instead.
[2023-02-24 19:04:37.837] [INFO ] [main   ] [o.s.s.w.DefaultSecurityFilterChain]            Will not secure Ant [pattern='/js/**']
[2023-02-24 19:04:37.837] [WARN ] [main   ] [o.s.s.c.a.w.b.WebSecurity     ]                You are asking Spring Security to ignore Ant [pattern='/webjars/**']. This is not recommended -- please use permitAll via HttpSecurity#authorizeHttpRequests instead.
[2023-02-24 19:04:37.837] [INFO ] [main   ] [o.s.s.w.DefaultSecurityFilterChain]            Will not secure Ant [pattern='/webjars/**']
[2023-02-24 19:04:38.037] [INFO ] [main   ] [o.a.c.h.Http11NioProtocol     ]                Starting ProtocolHandler ["http-nio-8080"]
[2023-02-24 19:04:38.061] [INFO ] [main   ] [o.s.b.w.e.t.TomcatWebServer   ]                Tomcat started on port(s): 8080 (http) with context path ''
[2023-02-24 19:04:38.269] [INFO ] [main   ] [c.p.s.ServerApplication       ]                Started ServerApplication in 7.579 seconds (JVM running for 8.38)
[2023-02-24 19:04:44.745] [INFO ] [http-nio-8080-exec-1] [o.a.c.c.C.[.[.[/]             ]   Initializing Spring DispatcherServlet 'dispatcherServlet'
[2023-02-24 19:04:44.745] [INFO ] [http-nio-8080-exec-1] [o.s.w.s.DispatcherServlet     ]   Initializing Servlet 'dispatcherServlet'
[2023-02-24 19:04:44.753] [INFO ] [http-nio-8080-exec-1] [o.s.w.s.DispatcherServlet     ]   Completed initialization in 8 ms
[2023-02-24 19:05:09.665] [INFO ] [SpringApplicationShutdownHook] [o.s.o.j.LocalContainerEntityManagerFactoryBean] Closing JPA EntityManagerFactory for persistence unit 'default'
[2023-02-24 19:05:09.665] [INFO ] [SpringApplicationShutdownHook] [c.z.h.HikariDataSource        ] HikariPool-1 - Shutdown initiated...
[2023-02-24 19:05:09.707] [INFO ] [SpringApplicationShutdownHook] [c.z.h.HikariDataSource        ] HikariPool-1 - Shutdown completed.
